<?xml version="1.0" encoding="UTF-8"?>
<!-- Generated by org.testng.reporters.JUnitReportReporter -->
<testsuite skipped="0" hostname="ilyabudnikxs-PC" name="BigStepJavaTest" tests="2" failures="0" timestamp="2021-12-14T00:58:13 MSK" time="35.599" errors="0">
  <testcase name="secondBigStapTest" time="16.693" classname="BigStepJavaTest"/>
  <system-out/>
  <testcase name="firstBigStapTest" time="18.906" classname="BigStepJavaTest"/>
  <system-out/>
</testsuite> <!-- BigStepJavaTest -->
